<?xml version="1.0" encoding="UTF-8"?>
<!-- Generated by org.testng.reporters.JUnitXMLReporter -->
<testsuite hostname="KarthicKomp" name="Default test" tests="1" failures="1" timestamp="30 Sep 2017 06:28:45 GMT" time="52.2" errors="0">
  <testcase name="googleSearchTest" time="52.139" classname="tests.Test1">
    <failure type="org.jboss.arquillian.graphene.enricher.exception.GrapheneTestEnricherException" message="Error while initializing: class pageobjects.Google">
      <![CDATA[org.jboss.arquillian.graphene.enricher.exception.GrapheneTestEnricherException: Error while initializing: class pageobjects.Google
	at org.jboss.arquillian.graphene.location.LocationEnricher.goTo(LocationEnricher.java:94)
	at org.jboss.arquillian.graphene.location.LocationEnricher.resolve(LocationEnricher.java:81)
	at org.jboss.arquillian.testng.standalone.LocalTestMethodExecutor.enrichArguments(LocalTestMethodExecutor.java:87)
	at org.jboss.arquillian.testng.standalone.LocalTestMethodExecutor.execute(LocalTestMethodExecutor.java:54)
	at sun.reflect.NativeMethodAccessorImpl.invoke0(Native Method)
	at sun.reflect.NativeMethodAccessorImpl.invoke(Unknown Source)
	at sun.reflect.DelegatingMethodAccessorImpl.invoke(Unknown Source)
	at java.lang.reflect.Method.invoke(Unknown Source)
	at org.jboss.arquillian.core.impl.ObserverImpl.invoke(ObserverImpl.java:94)
	at org.jboss.arquillian.core.impl.EventContextImpl.invokeObservers(EventContextImpl.java:99)
	at org.jboss.arquillian.core.impl.EventContextImpl.proceed(EventContextImpl.java:81)
	at org.jboss.arquillian.test.impl.TestContextHandler.createClassContext(TestContextHandler.java:92)
	at sun.reflect.NativeMethodAccessorImpl.invoke0(Native Method)
	at sun.reflect.NativeMethodAccessorImpl.invoke(Unknown Source)
	at sun.reflect.DelegatingMethodAccessorImpl.invoke(Unknown Source)
	at java.lang.reflect.Method.invoke(Unknown Source)
	at org.jboss.arquillian.core.impl.ObserverImpl.invoke(ObserverImpl.java:94)
	at org.jboss.arquillian.core.impl.EventContextImpl.proceed(EventContextImpl.java:88)
	at org.jboss.arquillian.test.impl.TestContextHandler.createSuiteContext(TestContextHandler.java:73)
	at sun.reflect.NativeMethodAccessorImpl.invoke0(Native Method)
	at sun.reflect.NativeMethodAccessorImpl.invoke(Unknown Source)
	at sun.reflect.DelegatingMethodAccessorImpl.invoke(Unknown Source)
	at java.lang.reflect.Method.invoke(Unknown Source)
	at org.jboss.arquillian.core.impl.ObserverImpl.invoke(ObserverImpl.java:94)
	at org.jboss.arquillian.core.impl.EventContextImpl.proceed(EventContextImpl.java:88)
	at org.jboss.arquillian.test.impl.TestContextHandler.createTestContext(TestContextHandler.java:130)
	at sun.reflect.NativeMethodAccessorImpl.invoke0(Native Method)
	at sun.reflect.NativeMethodAccessorImpl.invoke(Unknown Source)
	at sun.reflect.DelegatingMethodAccessorImpl.invoke(Unknown Source)
	at java.lang.reflect.Method.invoke(Unknown Source)
	at org.jboss.arquillian.core.impl.ObserverImpl.invoke(ObserverImpl.java:94)
	at org.jboss.arquillian.core.impl.EventContextImpl.proceed(EventContextImpl.java:88)
	at org.jboss.arquillian.core.impl.ManagerImpl.fire(ManagerImpl.java:145)
	at org.jboss.arquillian.test.impl.EventTestRunnerAdaptor.test(EventTestRunnerAdaptor.java:136)
	at org.jboss.arquillian.testng.Arquillian.run(Arquillian.java:164)
	at sun.reflect.NativeMethodAccessorImpl.invoke0(Native Method)
	at sun.reflect.NativeMethodAccessorImpl.invoke(Unknown Source)
	at sun.reflect.DelegatingMethodAccessorImpl.invoke(Unknown Source)
	at java.lang.reflect.Method.invoke(Unknown Source)
	at org.testng.internal.MethodInvocationHelper.invokeHookable(MethodInvocationHelper.java:194)
	at org.testng.internal.Invoker.invokeMethod(Invoker.java:707)
	at org.testng.internal.Invoker.invokeTestMethod(Invoker.java:901)
	at org.testng.internal.Invoker.invokeTestMethods(Invoker.java:1231)
	at org.testng.internal.TestMethodWorker.invokeTestMethods(TestMethodWorker.java:127)
	at org.testng.internal.TestMethodWorker.run(TestMethodWorker.java:111)
	at org.testng.TestRunner.privateRun(TestRunner.java:767)
	at org.testng.TestRunner.run(TestRunner.java:617)
	at org.testng.SuiteRunner.runTest(SuiteRunner.java:334)
	at org.testng.SuiteRunner.runSequentially(SuiteRunner.java:329)
	at org.testng.SuiteRunner.privateRun(SuiteRunner.java:291)
	at org.testng.SuiteRunner.run(SuiteRunner.java:240)
	at org.testng.SuiteRunnerWorker.runSuite(SuiteRunnerWorker.java:52)
	at org.testng.SuiteRunnerWorker.run(SuiteRunnerWorker.java:86)
	at org.testng.TestNG.runSuitesSequentially(TestNG.java:1198)
	at org.testng.TestNG.runSuitesLocally(TestNG.java:1123)
	at org.testng.TestNG.run(TestNG.java:1031)
	at org.testng.remote.AbstractRemoteTestNG.run(AbstractRemoteTestNG.java:114)
	at org.testng.remote.RemoteTestNG.initAndRun(RemoteTestNG.java:251)
	at org.testng.remote.RemoteTestNG.main(RemoteTestNG.java:77)
Caused by: java.lang.RuntimeException: Unable to instantiate Drone via org.openqa.selenium.firefox.FirefoxDriver(Capabilities): org.openqa.selenium.WebDriverException: Failed to connect to binary FirefoxBinary(C:\Program Files\Mozilla Firefox\firefox.exe) on port 7055; process output follows: 
nnamed-provider>
1506752885595	addons.manager	DEBUG	Registering shutdown blocker for <unnamed-provider>
1506752885595	addons.manager	DEBUG	Provider finished startup: <unnamed-provider>
1506752885597	addons.xpi	INFO	Mapping fxdriver@googlecode.com to C:\Users\Karthic\AppData\Local\Temp\anonymous3321640030254737889webdriver-profile\extensions\fxdriver@googlecode.com
1506752885597	addons.xpi	DEBUG	Ignoring file entry whose name is not a valid add-on ID: C:\Users\Karthic\AppData\Local\Temp\anonymous3321640030254737889webdriver-profile\extensions\webdriver-staging
1506752885598	addons.xpi	DEBUG	Existing add-on fxdriver@googlecode.com in app-profile
1506752885598	addons.xpi	INFO	Mapping activity-stream@mozilla.org to C:\Program Files\Mozilla Firefox\browser\features\activity-stream@mozilla.org.xpi
1506752885598	addons.xpi	INFO	Mapping aushelper@mozilla.org to C:\Program Files\Mozilla Firefox\browser\features\aushelper@mozilla.org.xpi
1506752885599	addons.xpi	INFO	Mapping clicktoplay-rollout@mozilla.org to C:\Program Files\Mozilla Firefox\browser\features\clicktoplay-rollout@mozilla.org.xpi
1506752885599	addons.xpi	INFO	Mapping e10srollout@mozilla.org to C:\Program Files\Mozilla Firefox\browser\features\e10srollout@mozilla.org.xpi
1506752885599	addons.xpi	INFO	Mapping firefox@getpocket.com to C:\Program Files\Mozilla Firefox\browser\features\firefox@getpocket.com.xpi
1506752885599	addons.xpi	INFO	Mapping followonsearch@mozilla.com to C:\Program Files\Mozilla Firefox\browser\features\followonsearch@mozilla.com.xpi
1506752885599	addons.xpi	INFO	Mapping formautofill@mozilla.org to C:\Program Files\Mozilla Firefox\browser\features\formautofill@mozilla.org.xpi
1506752885599	addons.xpi	INFO	Mapping onboarding@mozilla.org to C:\Program Files\Mozilla Firefox\browser\features\onboarding@mozilla.org.xpi
1506752885599	addons.xpi	INFO	Mapping screenshots@mozilla.org to C:\Program Files\Mozilla Firefox\browser\features\screenshots@mozilla.org.xpi
1506752885599	addons.xpi	INFO	Mapping shield-recipe-client@mozilla.org to C:\Program Files\Mozilla Firefox\browser\features\shield-recipe-client@mozilla.org.xpi
1506752885600	addons.xpi	INFO	Mapping webcompat@mozilla.org to C:\Program Files\Mozilla Firefox\browser\features\webcompat@mozilla.org.xpi
1506752885600	addons.xpi	DEBUG	Existing add-on activity-stream@mozilla.org in app-system-defaults
1506752885600	addons.xpi	DEBUG	Existing add-on aushelper@mozilla.org in app-system-defaults
1506752885601	addons.xpi	DEBUG	Existing add-on clicktoplay-rollout@mozilla.org in app-system-defaults
1506752885601	addons.xpi	DEBUG	Existing add-on e10srollout@mozilla.org in app-system-defaults
1506752885601	addons.xpi	DEBUG	Existing add-on firefox@getpocket.com in app-system-defaults
1506752885601	addons.xpi	DEBUG	Existing add-on followonsearch@mozilla.com in app-system-defaults
1506752885602	addons.xpi	DEBUG	Existing add-on formautofill@mozilla.org in app-system-defaults
1506752885602	addons.xpi	DEBUG	Existing add-on onboarding@mozilla.org in app-system-defaults
1506752885602	addons.xpi	DEBUG	Existing add-on screenshots@mozilla.org in app-system-defaults
1506752885603	addons.xpi	DEBUG	Existing add-on shield-recipe-client@mozilla.org in app-system-defaults
1506752885603	addons.xpi	DEBUG	Existing add-on webcompat@mozilla.org in app-system-defaults
1506752885603	addons.xpi	INFO	Mapping {972ce4c6-7e08-4474-a285-3208198ce6fd} to C:\Program Files\Mozilla Firefox\browser\extensions\{972ce4c6-7e08-4474-a285-3208198ce6fd}.xpi
1506752885604	addons.xpi	DEBUG	Existing add-on {972ce4c6-7e08-4474-a285-3208198ce6fd} in app-global
1506752885604	addons.xpi	DEBUG	getInstallState changed: false, state: {}
1506752886828	addons.productaddons	INFO	Completed downloading document
1506752888190	DeferredSave.webext.sc.lz4	DEBUG	Starting write
1506752888207	DeferredSave.webext.sc.lz4	DEBUG	Write succeeded
1506752908692	addons.productaddons	INFO	downloadXHR File download. status=200
1506752908703	addons.productaddons	INFO	Downloaded file will be saved to C:\Users\Karthic\AppData\Local\Temp\tmpaddon-3b0818

Build info: version: '2.53.0', revision: '35ae25b1534ae328c771e0856c93e187490ca824', time: '2016-03-15 10:43:46'
System info: host: 'KarthicKomp', ip: '192.168.56.1', os.name: 'Windows 8.1', os.arch: 'amd64', os.version: '6.3', java.version: '1.8.0_144'
Driver info: driver.version: FirefoxDriver
	at org.jboss.arquillian.drone.webdriver.factory.SecurityActions.newInstance(SecurityActions.java:164)
	at org.jboss.arquillian.drone.webdriver.factory.FirefoxDriverFactory.createInstance(FirefoxDriverFactory.java:133)
	at org.jboss.arquillian.drone.webdriver.factory.FirefoxDriverFactory.createInstance(FirefoxDriverFactory.java:41)
	at org.jboss.arquillian.drone.webdriver.factory.WebDriverFactory.createInstance(WebDriverFactory.java:130)
	at org.jboss.arquillian.drone.webdriver.factory.WebDriverFactory.createInstance(WebDriverFactory.java:41)
	at org.jboss.arquillian.drone.impl.DroneConfigurator$1.createInstance(DroneConfigurator.java:114)
	at org.jboss.arquillian.drone.impl.CachingCallableImpl.call(CachingCallableImpl.java:45)
	at org.jboss.arquillian.core.impl.threading.ThreadedExecutorService$ContextualCallable.call(ThreadedExecutorService.java:73)
	at java.util.concurrent.FutureTask.run(Unknown Source)
	at java.util.concurrent.ThreadPoolExecutor.runWorker(Unknown Source)
	at java.util.concurrent.ThreadPoolExecutor$Worker.run(Unknown Source)
	at java.lang.Thread.run(Unknown Source)
Caused by: org.openqa.selenium.WebDriverException: Failed to connect to binary FirefoxBinary(C:\Program Files\Mozilla Firefox\firefox.exe) on port 7055; process output follows: 
nnamed-provider>
1506752885595	addons.manager	DEBUG	Registering shutdown blocker for <unnamed-provider>
1506752885595	addons.manager	DEBUG	Provider finished startup: <unnamed-provider>
1506752885597	addons.xpi	INFO	Mapping fxdriver@googlecode.com to C:\Users\Karthic\AppData\Local\Temp\anonymous3321640030254737889webdriver-profile\extensions\fxdriver@googlecode.com
1506752885597	addons.xpi	DEBUG	Ignoring file entry whose name is not a valid add-on ID: C:\Users\Karthic\AppData\Local\Temp\anonymous3321640030254737889webdriver-profile\extensions\webdriver-staging
1506752885598	addons.xpi	DEBUG	Existing add-on fxdriver@googlecode.com in app-profile
1506752885598	addons.xpi	INFO	Mapping activity-stream@mozilla.org to C:\Program Files\Mozilla Firefox\browser\features\activity-stream@mozilla.org.xpi
1506752885598	addons.xpi	INFO	Mapping aushelper@mozilla.org to C:\Program Files\Mozilla Firefox\browser\features\aushelper@mozilla.org.xpi
1506752885599	addons.xpi	INFO	Mapping clicktoplay-rollout@mozilla.org to C:\Program Files\Mozilla Firefox\browser\features\clicktoplay-rollout@mozilla.org.xpi
1506752885599	addons.xpi	INFO	Mapping e10srollout@mozilla.org to C:\Program Files\Mozilla Firefox\browser\features\e10srollout@mozilla.org.xpi
1506752885599	addons.xpi	INFO	Mapping firefox@getpocket.com to C:\Program Files\Mozilla Firefox\browser\features\firefox@getpocket.com.xpi
1506752885599	addons.xpi	INFO	Mapping followonsearch@mozilla.com to C:\Program Files\Mozilla Firefox\browser\features\followonsearch@mozilla.com.xpi
1506752885599	addons.xpi	INFO	Mapping formautofill@mozilla.org to C:\Program Files\Mozilla Firefox\browser\features\formautofill@mozilla.org.xpi
1506752885599	addons.xpi	INFO	Mapping onboarding@mozilla.org to C:\Program Files\Mozilla Firefox\browser\features\onboarding@mozilla.org.xpi
1506752885599	addons.xpi	INFO	Mapping screenshots@mozilla.org to C:\Program Files\Mozilla Firefox\browser\features\screenshots@mozilla.org.xpi
1506752885599	addons.xpi	INFO	Mapping shield-recipe-client@mozilla.org to C:\Program Files\Mozilla Firefox\browser\features\shield-recipe-client@mozilla.org.xpi
1506752885600	addons.xpi	INFO	Mapping webcompat@mozilla.org to C:\Program Files\Mozilla Firefox\browser\features\webcompat@mozilla.org.xpi
1506752885600	addons.xpi	DEBUG	Existing add-on activity-stream@mozilla.org in app-system-defaults
1506752885600	addons.xpi	DEBUG	Existing add-on aushelper@mozilla.org in app-system-defaults
1506752885601	addons.xpi	DEBUG	Existing add-on clicktoplay-rollout@mozilla.org in app-system-defaults
1506752885601	addons.xpi	DEBUG	Existing add-on e10srollout@mozilla.org in app-system-defaults
1506752885601	addons.xpi	DEBUG	Existing add-on firefox@getpocket.com in app-system-defaults
1506752885601	addons.xpi	DEBUG	Existing add-on followonsearch@mozilla.com in app-system-defaults
1506752885602	addons.xpi	DEBUG	Existing add-on formautofill@mozilla.org in app-system-defaults
1506752885602	addons.xpi	DEBUG	Existing add-on onboarding@mozilla.org in app-system-defaults
1506752885602	addons.xpi	DEBUG	Existing add-on screenshots@mozilla.org in app-system-defaults
1506752885603	addons.xpi	DEBUG	Existing add-on shield-recipe-client@mozilla.org in app-system-defaults
1506752885603	addons.xpi	DEBUG	Existing add-on webcompat@mozilla.org in app-system-defaults
1506752885603	addons.xpi	INFO	Mapping {972ce4c6-7e08-4474-a285-3208198ce6fd} to C:\Program Files\Mozilla Firefox\browser\extensions\{972ce4c6-7e08-4474-a285-3208198ce6fd}.xpi
1506752885604	addons.xpi	DEBUG	Existing add-on {972ce4c6-7e08-4474-a285-3208198ce6fd} in app-global
1506752885604	addons.xpi	DEBUG	getInstallState changed: false, state: {}
1506752886828	addons.productaddons	INFO	Completed downloading document
1506752888190	DeferredSave.webext.sc.lz4	DEBUG	Starting write
1506752888207	DeferredSave.webext.sc.lz4	DEBUG	Write succeeded
1506752908692	addons.productaddons	INFO	downloadXHR File download. status=200
1506752908703	addons.productaddons	INFO	Downloaded file will be saved to C:\Users\Karthic\AppData\Local\Temp\tmpaddon-3b0818

Build info: version: '2.53.0', revision: '35ae25b1534ae328c771e0856c93e187490ca824', time: '2016-03-15 10:43:46'
System info: host: 'KarthicKomp', ip: '192.168.56.1', os.name: 'Windows 8.1', os.arch: 'amd64', os.version: '6.3', java.version: '1.8.0_144'
Driver info: driver.version: FirefoxDriver
	at org.openqa.selenium.firefox.internal.NewProfileExtensionConnection.start(NewProfileExtensionConnection.java:125)
	at org.openqa.selenium.firefox.FirefoxDriver.startClient(FirefoxDriver.java:271)
	at org.openqa.selenium.remote.RemoteWebDriver.<init>(RemoteWebDriver.java:119)
	at org.openqa.selenium.firefox.FirefoxDriver.<init>(FirefoxDriver.java:216)
	at org.openqa.selenium.firefox.FirefoxDriver.<init>(FirefoxDriver.java:211)
	at org.openqa.selenium.firefox.FirefoxDriver.<init>(FirefoxDriver.java:128)
	at sun.reflect.NativeConstructorAccessorImpl.newInstance0(Native Method)
	at sun.reflect.NativeConstructorAccessorImpl.newInstance(Unknown Source)
	at sun.reflect.DelegatingConstructorAccessorImpl.newInstance(Unknown Source)
	at java.lang.reflect.Constructor.newInstance(Unknown Source)
	at org.jboss.arquillian.drone.webdriver.factory.SecurityActions.newInstance(SecurityActions.java:142)
	... 11 more
Caused by: org.openqa.selenium.firefox.NotConnectedException: Unable to connect to host 127.0.0.1 on port 7055 after 45000 ms. Firefox console output:
nnamed-provider>
1506752885595	addons.manager	DEBUG	Registering shutdown blocker for <unnamed-provider>
1506752885595	addons.manager	DEBUG	Provider finished startup: <unnamed-provider>
1506752885597	addons.xpi	INFO	Mapping fxdriver@googlecode.com to C:\Users\Karthic\AppData\Local\Temp\anonymous3321640030254737889webdriver-profile\extensions\fxdriver@googlecode.com
1506752885597	addons.xpi	DEBUG	Ignoring file entry whose name is not a valid add-on ID: C:\Users\Karthic\AppData\Local\Temp\anonymous3321640030254737889webdriver-profile\extensions\webdriver-staging
1506752885598	addons.xpi	DEBUG	Existing add-on fxdriver@googlecode.com in app-profile
1506752885598	addons.xpi	INFO	Mapping activity-stream@mozilla.org to C:\Program Files\Mozilla Firefox\browser\features\activity-stream@mozilla.org.xpi
1506752885598	addons.xpi	INFO	Mapping aushelper@mozilla.org to C:\Program Files\Mozilla Firefox\browser\features\aushelper@mozilla.org.xpi
1506752885599	addons.xpi	INFO	Mapping clicktoplay-rollout@mozilla.org to C:\Program Files\Mozilla Firefox\browser\features\clicktoplay-rollout@mozilla.org.xpi
1506752885599	addons.xpi	INFO	Mapping e10srollout@mozilla.org to C:\Program Files\Mozilla Firefox\browser\features\e10srollout@mozilla.org.xpi
1506752885599	addons.xpi	INFO	Mapping firefox@getpocket.com to C:\Program Files\Mozilla Firefox\browser\features\firefox@getpocket.com.xpi
1506752885599	addons.xpi	INFO	Mapping followonsearch@mozilla.com to C:\Program Files\Mozilla Firefox\browser\features\followonsearch@mozilla.com.xpi
1506752885599	addons.xpi	INFO	Mapping formautofill@mozilla.org to C:\Program Files\Mozilla Firefox\browser\features\formautofill@mozilla.org.xpi
1506752885599	addons.xpi	INFO	Mapping onboarding@mozilla.org to C:\Program Files\Mozilla Firefox\browser\features\onboarding@mozilla.org.xpi
1506752885599	addons.xpi	INFO	Mapping screenshots@mozilla.org to C:\Program Files\Mozilla Firefox\browser\features\screenshots@mozilla.org.xpi
1506752885599	addons.xpi	INFO	Mapping shield-recipe-client@mozilla.org to C:\Program Files\Mozilla Firefox\browser\features\shield-recipe-client@mozilla.org.xpi
1506752885600	addons.xpi	INFO	Mapping webcompat@mozilla.org to C:\Program Files\Mozilla Firefox\browser\features\webcompat@mozilla.org.xpi
1506752885600	addons.xpi	DEBUG	Existing add-on activity-stream@mozilla.org in app-system-defaults
1506752885600	addons.xpi	DEBUG	Existing add-on aushelper@mozilla.org in app-system-defaults
1506752885601	addons.xpi	DEBUG	Existing add-on clicktoplay-rollout@mozilla.org in app-system-defaults
1506752885601	addons.xpi	DEBUG	Existing add-on e10srollout@mozilla.org in app-system-defaults
1506752885601	addons.xpi	DEBUG	Existing add-on firefox@getpocket.com in app-system-defaults
1506752885601	addons.xpi	DEBUG	Existing add-on followonsearch@mozilla.com in app-system-defaults
1506752885602	addons.xpi	DEBUG	Existing add-on formautofill@mozilla.org in app-system-defaults
1506752885602	addons.xpi	DEBUG	Existing add-on onboarding@mozilla.org in app-system-defaults
1506752885602	addons.xpi	DEBUG	Existing add-on screenshots@mozilla.org in app-system-defaults
1506752885603	addons.xpi	DEBUG	Existing add-on shield-recipe-client@mozilla.org in app-system-defaults
1506752885603	addons.xpi	DEBUG	Existing add-on webcompat@mozilla.org in app-system-defaults
1506752885603	addons.xpi	INFO	Mapping {972ce4c6-7e08-4474-a285-3208198ce6fd} to C:\Program Files\Mozilla Firefox\browser\extensions\{972ce4c6-7e08-4474-a285-3208198ce6fd}.xpi
1506752885604	addons.xpi	DEBUG	Existing add-on {972ce4c6-7e08-4474-a285-3208198ce6fd} in app-global
1506752885604	addons.xpi	DEBUG	getInstallState changed: false, state: {}
1506752886828	addons.productaddons	INFO	Completed downloading document
1506752888190	DeferredSave.webext.sc.lz4	DEBUG	Starting write
1506752888207	DeferredSave.webext.sc.lz4	DEBUG	Write succeeded
1506752908692	addons.productaddons	INFO	downloadXHR File download. status=200
1506752908703	addons.productaddons	INFO	Downloaded file will be saved to C:\Users\Karthic\AppData\Local\Temp\tmpaddon-3b0818

	at org.openqa.selenium.firefox.internal.NewProfileExtensionConnection.start(NewProfileExtensionConnection.java:113)
	... 21 more
]]>
    </failure>
  </testcase> <!-- googleSearchTest -->
</testsuite> <!-- Default test -->
