<!DOCTYPE html>

<html>
  <head>
  <title>TestNG reports</title>

    <link type="text/css" href="testng-reports.css" rel="stylesheet" />  
    <script type="text/javascript" src="jquery-1.7.1.min.js"></script>
    <script type="text/javascript" src="testng-reports.js"></script>
    <script type="text/javascript" src="https://www.google.com/jsapi"></script>
    <script type='text/javascript'>
      google.load('visualization', '1', {packages:['table']});
      google.setOnLoadCallback(drawTable);
      var suiteTableInitFunctions = new Array();
      var suiteTableData = new Array();
    </script>
    <!--
      <script type="text/javascript" src="jquery-ui/js/jquery-ui-1.8.16.custom.min.js"></script>
     -->
  </head>

  <body>
    <div class="top-banner-root">
      <span class="top-banner-title-font">Test results</span>
      <br/>
      <span class="top-banner-font-1">1 suite, 1 failed test</span>
    </div> <!-- top-banner-root -->
    <div class="navigator-root">
      <div class="navigator-suite-header">
        <span>All suites</span>
        <a href="#" class="collapse-all-link" title="Collapse/expand all the suites">
          <img class="collapse-all-icon" src="collapseall.gif">
          </img> <!-- collapse-all-icon -->
        </a> <!-- collapse-all-link -->
      </div> <!-- navigator-suite-header -->
      <div class="suite">
        <div class="rounded-window">
          <div class="suite-header light-rounded-window-top">
            <a href="#" class="navigator-link" panel-name="suite-Default_suite">
              <span class="suite-name border-failed">Default suite</span>
            </a> <!-- navigator-link -->
          </div> <!-- suite-header light-rounded-window-top -->
          <div class="navigator-suite-content">
            <div class="suite-section-title">
              <span>Info</span>
            </div> <!-- suite-section-title -->
            <div class="suite-section-content">
              <ul>
                <li>
                  <a href="#" class="navigator-link " panel-name="test-xml-Default_suite">
                    <span>C:\Users\Karthic\AppData\Local\Temp\testng-eclipse-659573388\testng-customsuite.xml</span>
                  </a> <!-- navigator-link  -->
                </li>
                <li>
                  <a href="#" class="navigator-link " panel-name="testlist-Default_suite">
                    <span class="test-stats">1 test</span>
                  </a> <!-- navigator-link  -->
                </li>
                <li>
                  <a href="#" class="navigator-link " panel-name="group-Default_suite">
                    <span>0 groups</span>
                  </a> <!-- navigator-link  -->
                </li>
                <li>
                  <a href="#" class="navigator-link " panel-name="times-Default_suite">
                    <span>Times</span>
                  </a> <!-- navigator-link  -->
                </li>
                <li>
                  <a href="#" class="navigator-link " panel-name="reporter-Default_suite">
                    <span>Reporter output</span>
                  </a> <!-- navigator-link  -->
                </li>
                <li>
                  <a href="#" class="navigator-link " panel-name="ignored-methods-Default_suite">
                    <span>Ignored methods</span>
                  </a> <!-- navigator-link  -->
                </li>
                <li>
                  <a href="#" class="navigator-link " panel-name="chronological-Default_suite">
                    <span>Chronological view</span>
                  </a> <!-- navigator-link  -->
                </li>
              </ul>
            </div> <!-- suite-section-content -->
            <div class="result-section">
              <div class="suite-section-title">
                <span>Results</span>
              </div> <!-- suite-section-title -->
              <div class="suite-section-content">
                <ul>
                  <li>
                    <span class="method-stats">1 method, 1 failed,   </span>
                  </li>
                  <li>
                    <span class="method-list-title failed">Failed methods</span>
                    <span class="show-or-hide-methods failed">
                      <a href="#" panel-name="suite-Default_suite" class="hide-methods failed suite-Default_suite"> (hide)</a> <!-- hide-methods failed suite-Default_suite -->
                      <a href="#" panel-name="suite-Default_suite" class="show-methods failed suite-Default_suite"> (show)</a> <!-- show-methods failed suite-Default_suite -->
                    </span>
                    <div class="method-list-content failed suite-Default_suite">
                      <span>
                        <img width="3%" src="failed.png"/>
                        <a href="#" class="method navigator-link" panel-name="suite-Default_suite" title="tests.Test1" hash-for-method="googleSearchTest(null)">googleSearchTest(null)</a> <!-- method navigator-link -->
                      </span>
                      <br/>
                    </div> <!-- method-list-content failed suite-Default_suite -->
                  </li>
                </ul>
              </div> <!-- suite-section-content -->
            </div> <!-- result-section -->
          </div> <!-- navigator-suite-content -->
        </div> <!-- rounded-window -->
      </div> <!-- suite -->
    </div> <!-- navigator-root -->
    <div class="wrapper">
      <div class="main-panel-root">
        <div panel-name="suite-Default_suite" class="panel Default_suite">
          <div class="suite-Default_suite-class-failed">
            <div class="main-panel-header rounded-window-top">
              <img src="failed.png"/>
              <span class="class-name">tests.Test1</span>
            </div> <!-- main-panel-header rounded-window-top -->
            <div class="main-panel-content rounded-window-bottom">
              <div class="method">
                <div class="method-content">
                  <a name="googleSearchTest(null)">
                  </a> <!-- googleSearchTest(null) -->
                  <span class="method-name">googleSearchTest</span>
                  <span class="parameters">(<NULL>)</span>
                  <div class="stack-trace"><b>"org.jboss.arquillian.graphene.enricher.exception.GrapheneTestEnricherException: Error while initializing: class pageobjects.Google
	at org.jboss.arquillian.graphene.location.LocationEnricher.goTo(LocationEnricher.java:94)
	at org.jboss.arquillian.graphene.location.LocationEnricher.resolve(LocationEnricher.java:81)
	at org.jboss.arquillian.testng.standalone.LocalTestMethodExecutor.enrichArguments(LocalTestMethodExecutor.java:87)
	at org.jboss.arquillian.testng.standalone.LocalTestMethodExecutor.execute(LocalTestMethodExecutor.java:54)
	at sun.reflect.NativeMethodAccessorImpl.invoke0(Native Method)
	at sun.reflect.NativeMethodAccessorImpl.invoke(Unknown Source)
	at sun.reflect.DelegatingMethodAccessorImpl.invoke(Unknown Source)
	at java.lang.reflect.Method.invoke(Unknown Source)
	at org.jboss.arquillian.core.impl.ObserverImpl.invoke(ObserverImpl.java:94)
	at org.jboss.arquillian.core.impl.EventContextImpl.invokeObservers(EventContextImpl.java:99)
	at org.jboss.arquillian.core.impl.EventContextImpl.proceed(EventContextImpl.java:81)
	at org.jboss.arquillian.test.impl.TestContextHandler.createClassContext(TestContextHandler.java:92)
	at sun.reflect.NativeMethodAccessorImpl.invoke0(Native Method)
	at sun.reflect.NativeMethodAccessorImpl.invoke(Unknown Source)
	at sun.reflect.DelegatingMethodAccessorImpl.invoke(Unknown Source)
	at java.lang.reflect.Method.invoke(Unknown Source)
	at org.jboss.arquillian.core.impl.ObserverImpl.invoke(ObserverImpl.java:94)
	at org.jboss.arquillian.core.impl.EventContextImpl.proceed(EventContextImpl.java:88)
	at org.jboss.arquillian.test.impl.TestContextHandler.createSuiteContext(TestContextHandler.java:73)
	at sun.reflect.NativeMethodAccessorImpl.invoke0(Native Method)
	at sun.reflect.NativeMethodAccessorImpl.invoke(Unknown Source)
	at sun.reflect.DelegatingMethodAccessorImpl.invoke(Unknown Source)
	at java.lang.reflect.Method.invoke(Unknown Source)
	at org.jboss.arquillian.core.impl.ObserverImpl.invoke(ObserverImpl.java:94)
	at org.jboss.arquillian.core.impl.EventContextImpl.proceed(EventContextImpl.java:88)
	at org.jboss.arquillian.test.impl.TestContextHandler.createTestContext(TestContextHandler.java:130)
	at sun.reflect.NativeMethodAccessorImpl.invoke0(Native Method)
	at sun.reflect.NativeMethodAccessorImpl.invoke(Unknown Source)
	at sun.reflect.DelegatingMethodAccessorImpl.invoke(Unknown Source)
	at java.lang.reflect.Method.invoke(Unknown Source)
	at org.jboss.arquillian.core.impl.ObserverImpl.invoke(ObserverImpl.java:94)
	at org.jboss.arquillian.core.impl.EventContextImpl.proceed(EventContextImpl.java:88)
	at org.jboss.arquillian.core.impl.ManagerImpl.fire(ManagerImpl.java:145)
	at org.jboss.arquillian.test.impl.EventTestRunnerAdaptor.test(EventTestRunnerAdaptor.java:136)
	at org.jboss.arquillian.testng.Arquillian.run(Arquillian.java:164)
	at sun.reflect.NativeMethodAccessorImpl.invoke0(Native Method)
	at sun.reflect.NativeMethodAccessorImpl.invoke(Unknown Source)
	at sun.reflect.DelegatingMethodAccessorImpl.invoke(Unknown Source)
	at java.lang.reflect.Method.invoke(Unknown Source)
	at org.testng.internal.MethodInvocationHelper.invokeHookable(MethodInvocationHelper.java:194)
	at org.testng.internal.Invoker.invokeMethod(Invoker.java:707)
	at org.testng.internal.Invoker.invokeTestMethod(Invoker.java:901)
	at org.testng.internal.Invoker.invokeTestMethods(Invoker.java:1231)
	at org.testng.internal.TestMethodWorker.invokeTestMethods(TestMethodWorker.java:127)
	at org.testng.internal.TestMethodWorker.run(TestMethodWorker.java:111)
	at org.testng.TestRunner.privateRun(TestRunner.java:767)
	at org.testng.TestRunner.run(TestRunner.java:617)
	at org.testng.SuiteRunner.runTest(SuiteRunner.java:334)
	at org.testng.SuiteRunner.runSequentially(SuiteRunner.java:329)
	at org.testng.SuiteRunner.privateRun(SuiteRunner.java:291)
	at org.testng.SuiteRunner.run(SuiteRunner.java:240)
	at org.testng.SuiteRunnerWorker.runSuite(SuiteRunnerWorker.java:52)
	at org.testng.SuiteRunnerWorker.run(SuiteRunnerWorker.java:86)
	at org.testng.TestNG.runSuitesSequentially(TestNG.java:1198)
	at org.testng.TestNG.runSuitesLocally(TestNG.java:1123)
	at org.testng.TestNG.run(TestNG.java:1031)
	at org.testng.remote.AbstractRemoteTestNG.run(AbstractRemoteTestNG.java:114)
	at org.testng.remote.RemoteTestNG.initAndRun(RemoteTestNG.java:251)
	at org.testng.remote.RemoteTestNG.main(RemoteTestNG.java:77)
Caused by: java.lang.RuntimeException: Unable to instantiate Drone via org.openqa.selenium.firefox.FirefoxDriver(Capabilities): org.openqa.selenium.WebDriverException: Failed to connect to binary FirefoxBinary(C:\Program Files\Mozilla Firefox\firefox.exe) on port 7055; process output follows: 
nnamed-provider&gt;
1506752885595	addons.manager	DEBUG	Registering shutdown blocker for &lt;unnamed-provider&gt;
1506752885595	addons.manager	DEBUG	Provider finished startup: &lt;unnamed-provider&gt;
1506752885597	addons.xpi	INFO	Mapping fxdriver@googlecode.com to C:\Users\Karthic\AppData\Local\Temp\anonymous3321640030254737889webdriver-profile\extensions\fxdriver@googlecode.com
1506752885597	addons.xpi	DEBUG	Ignoring file entry whose name is not a valid add-on ID: C:\Users\Karthic\AppData\Local\Temp\anonymous3321640030254737889webdriver-profile\extensions\webdriver-staging
1506752885598	addons.xpi	DEBUG	Existing add-on fxdriver@googlecode.com in app-profile
1506752885598	addons.xpi	INFO	Mapping activity-stream@mozilla.org to C:\Program Files\Mozilla Firefox\browser\features\activity-stream@mozilla.org.xpi
1506752885598	addons.xpi	INFO	Mapping aushelper@mozilla.org to C:\Program Files\Mozilla Firefox\browser\features\aushelper@mozilla.org.xpi
1506752885599	addons.xpi	INFO	Mapping clicktoplay-rollout@mozilla.org to C:\Program Files\Mozilla Firefox\browser\features\clicktoplay-rollout@mozilla.org.xpi
1506752885599	addons.xpi	INFO	Mapping e10srollout@mozilla.org to C:\Program Files\Mozilla Firefox\browser\features\e10srollout@mozilla.org.xpi
1506752885599	addons.xpi	INFO	Mapping firefox@getpocket.com to C:\Program Files\Mozilla Firefox\browser\features\firefox@getpocket.com.xpi
1506752885599	addons.xpi	INFO	Mapping followonsearch@mozilla.com to C:\Program Files\Mozilla Firefox\browser\features\followonsearch@mozilla.com.xpi
1506752885599	addons.xpi	INFO	Mapping formautofill@mozilla.org to C:\Program Files\Mozilla Firefox\browser\features\formautofill@mozilla.org.xpi
1506752885599	addons.xpi	INFO	Mapping onboarding@mozilla.org to C:\Program Files\Mozilla Firefox\browser\features\onboarding@mozilla.org.xpi
1506752885599	addons.xpi	INFO	Mapping screenshots@mozilla.org to C:\Program Files\Mozilla Firefox\browser\features\screenshots@mozilla.org.xpi
1506752885599	addons.xpi	INFO	Mapping shield-recipe-client@mozilla.org to C:\Program Files\Mozilla Firefox\browser\features\shield-recipe-client@mozilla.org.xpi
1506752885600	addons.xpi	INFO	Mapping webcompat@mozilla.org to C:\Program Files\Mozilla Firefox\browser\features\webcompat@mozilla.org.xpi
1506752885600	addons.xpi	DEBUG	Existing add-on activity-stream@mozilla.org in app-system-defaults
1506752885600	addons.xpi	DEBUG	Existing add-on aushelper@mozilla.org in app-system-defaults
1506752885601	addons.xpi	DEBUG	Existing add-on clicktoplay-rollout@mozilla.org in app-system-defaults
1506752885601	addons.xpi	DEBUG	Existing add-on e10srollout@mozilla.org in app-system-defaults
1506752885601	addons.xpi	DEBUG	Existing add-on firefox@getpocket.com in app-system-defaults
1506752885601	addons.xpi	DEBUG	Existing add-on followonsearch@mozilla.com in app-system-defaults
1506752885602	addons.xpi	DEBUG	Existing add-on formautofill@mozilla.org in app-system-defaults
1506752885602	addons.xpi	DEBUG	Existing add-on onboarding@mozilla.org in app-system-defaults
1506752885602	addons.xpi	DEBUG	Existing add-on screenshots@mozilla.org in app-system-defaults
1506752885603	addons.xpi	DEBUG	Existing add-on shield-recipe-client@mozilla.org in app-system-defaults
1506752885603	addons.xpi	DEBUG	Existing add-on webcompat@mozilla.org in app-system-defaults
1506752885603	addons.xpi	INFO	Mapping {972ce4c6-7e08-4474-a285-3208198ce6fd} to C:\Program Files\Mozilla Firefox\browser\extensions\{972ce4c6-7e08-4474-a285-3208198ce6fd}.xpi
1506752885604	addons.xpi	DEBUG	Existing add-on {972ce4c6-7e08-4474-a285-3208198ce6fd} in app-global
1506752885604	addons.xpi	DEBUG	getInstallState changed: false, state: {}
1506752886828	addons.productaddons	INFO	Completed downloading document
1506752888190	DeferredSave.webext.sc.lz4	DEBUG	Starting write
1506752888207	DeferredSave.webext.sc.lz4	DEBUG	Write succeeded
1506752908692	addons.productaddons	INFO	downloadXHR File download. status=200
1506752908703	addons.productaddons	INFO	Downloaded file will be saved to C:\Users\Karthic\AppData\Local\Temp\tmpaddon-3b0818

Build info: version: &apos;2.53.0&apos;, revision: &apos;35ae25b1534ae328c771e0856c93e187490ca824&apos;, time: &apos;2016-03-15 10:43:46&apos;
System info: host: &apos;KarthicKomp&apos;, ip: &apos;192.168.56.1&apos;, os.name: &apos;Windows 8.1&apos;, os.arch: &apos;amd64&apos;, os.version: &apos;6.3&apos;, java.version: &apos;1.8.0_144&apos;
Driver info: driver.version: FirefoxDriver
	at org.jboss.arquillian.drone.webdriver.factory.SecurityActions.newInstance(SecurityActions.java:164)
	at org.jboss.arquillian.drone.webdriver.factory.FirefoxDriverFactory.createInstance(FirefoxDriverFactory.java:133)
	at org.jboss.arquillian.drone.webdriver.factory.FirefoxDriverFactory.createInstance(FirefoxDriverFactory.java:41)
	at org.jboss.arquillian.drone.webdriver.factory.WebDriverFactory.createInstance(WebDriverFactory.java:130)
	at org.jboss.arquillian.drone.webdriver.factory.WebDriverFactory.createInstance(WebDriverFactory.java:41)
	at org.jboss.arquillian.drone.impl.DroneConfigurator$1.createInstance(DroneConfigurator.java:114)
	at org.jboss.arquillian.drone.impl.CachingCallableImpl.call(CachingCallableImpl.java:45)
	at org.jboss.arquillian.core.impl.threading.ThreadedExecutorService$ContextualCallable.call(ThreadedExecutorService.java:73)
	at java.util.concurrent.FutureTask.run(Unknown Source)
	at java.util.concurrent.ThreadPoolExecutor.runWorker(Unknown Source)
	at java.util.concurrent.ThreadPoolExecutor$Worker.run(Unknown Source)
	at java.lang.Thread.run(Unknown Source)
Caused by: org.openqa.selenium.WebDriverException: Failed to connect to binary FirefoxBinary(C:\Program Files\Mozilla Firefox\firefox.exe) on port 7055; process output follows: 
nnamed-provider&gt;
1506752885595	addons.manager	DEBUG	Registering shutdown blocker for &lt;unnamed-provider&gt;
1506752885595	addons.manager	DEBUG	Provider finished startup: &lt;unnamed-provider&gt;
1506752885597	addons.xpi	INFO	Mapping fxdriver@googlecode.com to C:\Users\Karthic\AppData\Local\Temp\anonymous3321640030254737889webdriver-profile\extensions\fxdriver@googlecode.com
1506752885597	addons.xpi	DEBUG	Ignoring file entry whose name is not a valid add-on ID: C:\Users\Karthic\AppData\Local\Temp\anonymous3321640030254737889webdriver-profile\extensions\webdriver-staging
1506752885598	addons.xpi	DEBUG	Existing add-on fxdriver@googlecode.com in app-profile
1506752885598	addons.xpi	INFO	Mapping activity-stream@mozilla.org to C:\Program Files\Mozilla Firefox\browser\features\activity-stream@mozilla.org.xpi
1506752885598	addons.xpi	INFO	Mapping aushelper@mozilla.org to C:\Program Files\Mozilla Firefox\browser\features\aushelper@mozilla.org.xpi
1506752885599	addons.xpi	INFO	Mapping clicktoplay-rollout@mozilla.org to C:\Program Files\Mozilla Firefox\browser\features\clicktoplay-rollout@mozilla.org.xpi
1506752885599	addons.xpi	INFO	Mapping e10srollout@mozilla.org to C:\Program Files\Mozilla Firefox\browser\features\e10srollout@mozilla.org.xpi
1506752885599	addons.xpi	INFO	Mapping firefox@getpocket.com to C:\Program Files\Mozilla Firefox\browser\features\firefox@getpocket.com.xpi
1506752885599	addons.xpi	INFO	Mapping followonsearch@mozilla.com to C:\Program Files\Mozilla Firefox\browser\features\followonsearch@mozilla.com.xpi
1506752885599	addons.xpi	INFO	Mapping formautofill@mozilla.org to C:\Program Files\Mozilla Firefox\browser\features\formautofill@mozilla.org.xpi
1506752885599	addons.xpi	INFO	Mapping onboarding@mozilla.org to C:\Program Files\Mozilla Firefox\browser\features\onboarding@mozilla.org.xpi
1506752885599	addons.xpi	INFO	Mapping screenshots@mozilla.org to C:\Program Files\Mozilla Firefox\browser\features\screenshots@mozilla.org.xpi
1506752885599	addons.xpi	INFO	Mapping shield-recipe-client@mozilla.org to C:\Program Files\Mozilla Firefox\browser\features\shield-recipe-client@mozilla.org.xpi
1506752885600	addons.xpi	INFO	Mapping webcompat@mozilla.org to C:\Program Files\Mozilla Firefox\browser\features\webcompat@mozilla.org.xpi
1506752885600	addons.xpi	DEBUG	Existing add-on activity-stream@mozilla.org in app-system-defaults
1506752885600	addons.xpi	DEBUG	Existing add-on aushelper@mozilla.org in app-system-defaults
1506752885601	addons.xpi	DEBUG	Existing add-on clicktoplay-rollout@mozilla.org in app-system-defaults
1506752885601	addons.xpi	DEBUG	Existing add-on e10srollout@mozilla.org in app-system-defaults
1506752885601	addons.xpi	DEBUG	Existing add-on firefox@getpocket.com in app-system-defaults
1506752885601	addons.xpi	DEBUG	Existing add-on followonsearch@mozilla.com in app-system-defaults
1506752885602	addons.xpi	DEBUG	Existing add-on formautofill@mozilla.org in app-system-defaults
1506752885602	addons.xpi	DEBUG	Existing add-on onboarding@mozilla.org in app-system-defaults
1506752885602	addons.xpi	DEBUG	Existing add-on screenshots@mozilla.org in app-system-defaults
1506752885603	addons.xpi	DEBUG	Existing add-on shield-recipe-client@mozilla.org in app-system-defaults
1506752885603	addons.xpi	DEBUG	Existing add-on webcompat@mozilla.org in app-system-defaults
1506752885603	addons.xpi	INFO	Mapping {972ce4c6-7e08-4474-a285-3208198ce6fd} to C:\Program Files\Mozilla Firefox\browser\extensions\{972ce4c6-7e08-4474-a285-3208198ce6fd}.xpi
1506752885604	addons.xpi	DEBUG	Existing add-on {972ce4c6-7e08-4474-a285-3208198ce6fd} in app-global
1506752885604	addons.xpi	DEBUG	getInstallState changed: false, state: {}
1506752886828	addons.productaddons	INFO	Completed downloading document
1506752888190	DeferredSave.webext.sc.lz4	DEBUG	Starting write
1506752888207	DeferredSave.webext.sc.lz4	DEBUG	Write succeeded
1506752908692	addons.productaddons	INFO	downloadXHR File download. status=200
1506752908703	addons.productaddons	INFO	Downloaded file will be saved to C:\Users\Karthic\AppData\Local\Temp\tmpaddon-3b0818

Build info: version: &apos;2.53.0&apos;, revision: &apos;35ae25b1534ae328c771e0856c93e187490ca824&apos;, time: &apos;2016-03-15 10:43:46&apos;
System info: host: &apos;KarthicKomp&apos;, ip: &apos;192.168.56.1&apos;, os.name: &apos;Windows 8.1&apos;, os.arch: &apos;amd64&apos;, os.version: &apos;6.3&apos;, java.version: &apos;1.8.0_144&apos;
Driver info: driver.version: FirefoxDriver
	at org.openqa.selenium.firefox.internal.NewProfileExtensionConnection.start(NewProfileExtensionConnection.java:125)
	at org.openqa.selenium.firefox.FirefoxDriver.startClient(FirefoxDriver.java:271)
	at org.openqa.selenium.remote.RemoteWebDriver.&lt;init&gt;(RemoteWebDriver.java:119)
	at org.openqa.selenium.firefox.FirefoxDriver.&lt;init&gt;(FirefoxDriver.java:216)
	at org.openqa.selenium.firefox.FirefoxDriver.&lt;init&gt;(FirefoxDriver.java:211)
	at org.openqa.selenium.firefox.FirefoxDriver.&lt;init&gt;(FirefoxDriver.java:128)
	at sun.reflect.NativeConstructorAccessorImpl.newInstance0(Native Method)
	at sun.reflect.NativeConstructorAccessorImpl.newInstance(Unknown Source)
	at sun.reflect.DelegatingConstructorAccessorImpl.newInstance(Unknown Source)
	at java.lang.reflect.Constructor.newInstance(Unknown Source)
	at org.jboss.arquillian.drone.webdriver.factory.SecurityActions.newInstance(SecurityActions.java:142)
	... 11 more
Caused by: org.openqa.selenium.firefox.NotConnectedException: Unable to connect to host 127.0.0.1 on port 7055 after 45000 ms. Firefox console output:
nnamed-provider&gt;
1506752885595	addons.manager	DEBUG	Registering shutdown blocker for &lt;unnamed-provider&gt;
1506752885595	addons.manager	DEBUG	Provider finished startup: &lt;unnamed-provider&gt;
1506752885597	addons.xpi	INFO	Mapping fxdriver@googlecode.com to C:\Users\Karthic\AppData\Local\Temp\anonymous3321640030254737889webdriver-profile\extensions\fxdriver@googlecode.com
1506752885597	addons.xpi	DEBUG	Ignoring file entry whose name is not a valid add-on ID: C:\Users\Karthic\AppData\Local\Temp\anonymous3321640030254737889webdriver-profile\extensions\webdriver-staging
1506752885598	addons.xpi	DEBUG	Existing add-on fxdriver@googlecode.com in app-profile
1506752885598	addons.xpi	INFO	Mapping activity-stream@mozilla.org to C:\Program Files\Mozilla Firefox\browser\features\activity-stream@mozilla.org.xpi
1506752885598	addons.xpi	INFO	Mapping aushelper@mozilla.org to C:\Program Files\Mozilla Firefox\browser\features\aushelper@mozilla.org.xpi
1506752885599	addons.xpi	INFO	Mapping clicktoplay-rollout@mozilla.org to C:\Program Files\Mozilla Firefox\browser\features\clicktoplay-rollout@mozilla.org.xpi
1506752885599	addons.xpi	INFO	Mapping e10srollout@mozilla.org to C:\Program Files\Mozilla Firefox\browser\features\e10srollout@mozilla.org.xpi
1506752885599	addons.xpi	INFO	Mapping firefox@getpocket.com to C:\Program Files\Mozilla Firefox\browser\features\firefox@getpocket.com.xpi
1506752885599	addons.xpi	INFO	Mapping followonsearch@mozilla.com to C:\Program Files\Mozilla Firefox\browser\features\followonsearch@mozilla.com.xpi
1506752885599	addons.xpi	INFO	Mapping formautofill@mozilla.org to C:\Program Files\Mozilla Firefox\browser\features\formautofill@mozilla.org.xpi
1506752885599	addons.xpi	INFO	Mapping onboarding@mozilla.org to C:\Program Files\Mozilla Firefox\browser\features\onboarding@mozilla.org.xpi
1506752885599	addons.xpi	INFO	Mapping screenshots@mozilla.org to C:\Program Files\Mozilla Firefox\browser\features\screenshots@mozilla.org.xpi
1506752885599	addons.xpi	INFO	Mapping shield-recipe-client@mozilla.org to C:\Program Files\Mozilla Firefox\browser\features\shield-recipe-client@mozilla.org.xpi
1506752885600	addons.xpi	INFO	Mapping webcompat@mozilla.org to C:\Program Files\Mozilla Firefox\browser\features\webcompat@mozilla.org.xpi
1506752885600	addons.xpi	DEBUG	Existing add-on activity-stream@mozilla.org in app-system-defaults
1506752885600	addons.xpi	DEBUG	Existing add-on aushelper@mozilla.org in app-system-defaults
1506752885601	addons.xpi	DEBUG	Existing add-on clicktoplay-rollout@mozilla.org in app-system-defaults
1506752885601	addons.xpi	DEBUG	Existing add-on e10srollout@mozilla.org in app-system-defaults
1506752885601	addons.xpi	DEBUG	Existing add-on firefox@getpocket.com in app-system-defaults
1506752885601	addons.xpi	DEBUG	Existing add-on followonsearch@mozilla.com in app-system-defaults
1506752885602	addons.xpi	DEBUG	Existing add-on formautofill@mozilla.org in app-system-defaults
1506752885602	addons.xpi	DEBUG	Existing add-on onboarding@mozilla.org in app-system-defaults
1506752885602	addons.xpi	DEBUG	Existing add-on screenshots@mozilla.org in app-system-defaults
1506752885603	addons.xpi	DEBUG	Existing add-on shield-recipe-client@mozilla.org in app-system-defaults
1506752885603	addons.xpi	DEBUG	Existing add-on webcompat@mozilla.org in app-system-defaults
1506752885603	addons.xpi	INFO	Mapping {972ce4c6-7e08-4474-a285-3208198ce6fd} to C:\Program Files\Mozilla Firefox\browser\extensions\{972ce4c6-7e08-4474-a285-3208198ce6fd}.xpi
1506752885604	addons.xpi	DEBUG	Existing add-on {972ce4c6-7e08-4474-a285-3208198ce6fd} in app-global
1506752885604	addons.xpi	DEBUG	getInstallState changed: false, state: {}
1506752886828	addons.productaddons	INFO	Completed downloading document
1506752888190	DeferredSave.webext.sc.lz4	DEBUG	Starting write
1506752888207	DeferredSave.webext.sc.lz4	DEBUG	Write succeeded
1506752908692	addons.productaddons	INFO	downloadXHR File download. status=200
1506752908703	addons.productaddons	INFO	Downloaded file will be saved to C:\Users\Karthic\AppData\Local\Temp\tmpaddon-3b0818

	at org.openqa.selenium.firefox.internal.NewProfileExtensionConnection.start(NewProfileExtensionConnection.java:113)
	... 21 more
<br/> org.jboss.arquillian.graphene.enricher.exception.GrapheneTestEnricherException: Error while initializing: class pageobjects.Google
	at org.jboss.arquillian.graphene.location.LocationEnricher.goTo(LocationEnricher.java:94)
	at org.jboss.arquillian.graphene.location.LocationEnricher.resolve(LocationEnricher.java:81)
	at org.jboss.arquillian.testng.standalone.LocalTestMethodExecutor.enrichArguments(LocalTestMethodExecutor.java:87)
	at org.jboss.arquillian.testng.standalone.LocalTestMethodExecutor.execute(LocalTestMethodExecutor.java:54)
	at sun.reflect.NativeMethodAccessorImpl.invoke0(Native Method)
	at sun.reflect.NativeMethodAccessorImpl.invoke(Unknown Source)
	at sun.reflect.DelegatingMethodAccessorImpl.invoke(Unknown Source)
	at java.lang.reflect.Method.invoke(Unknown Source)
	at org.jboss.arquillian.core.impl.ObserverImpl.invoke(ObserverImpl.java:94)
	at org.jboss.arquillian.core.impl.EventContextImpl.invokeObservers(EventContextImpl.java:99)
	at org.jboss.arquillian.core.impl.EventContextImpl.proceed(EventContextImpl.java:81)
	at org.jboss.arquillian.test.impl.TestContextHandler.createClassContext(TestContextHandler.java:92)
	at sun.reflect.NativeMethodAccessorImpl.invoke0(Native Method)
	at sun.reflect.NativeMethodAccessorImpl.invoke(Unknown Source)
	at sun.reflect.DelegatingMethodAccessorImpl.invoke(Unknown Source)
	at java.lang.reflect.Method.invoke(Unknown Source)
	at org.jboss.arquillian.core.impl.ObserverImpl.invoke(ObserverImpl.java:94)
	at org.jboss.arquillian.core.impl.EventContextImpl.proceed(EventContextImpl.java:88)
	at org.jboss.arquillian.test.impl.TestContextHandler.createSuiteContext(TestContextHandler.java:73)
	at sun.reflect.NativeMethodAccessorImpl.invoke0(Native Method)
	at sun.reflect.NativeMethodAccessorImpl.invoke(Unknown Source)
	at sun.reflect.DelegatingMethodAccessorImpl.invoke(Unknown Source)
	at java.lang.reflect.Method.invoke(Unknown Source)
	at org.jboss.arquillian.core.impl.ObserverImpl.invoke(ObserverImpl.java:94)
	at org.jboss.arquillian.core.impl.EventContextImpl.proceed(EventContextImpl.java:88)
	at org.jboss.arquillian.test.impl.TestContextHandler.createTestContext(TestContextHandler.java:130)
	at sun.reflect.NativeMethodAccessorImpl.invoke0(Native Method)
	at sun.reflect.NativeMethodAccessorImpl.invoke(Unknown Source)
	at sun.reflect.DelegatingMethodAccessorImpl.invoke(Unknown Source)
	at java.lang.reflect.Method.invoke(Unknown Source)
	at org.jboss.arquillian.core.impl.ObserverImpl.invoke(ObserverImpl.java:94)
	at org.jboss.arquillian.core.impl.EventContextImpl.proceed(EventContextImpl.java:88)
	at org.jboss.arquillian.core.impl.ManagerImpl.fire(ManagerImpl.java:145)
	at org.jboss.arquillian.test.impl.EventTestRunnerAdaptor.test(EventTestRunnerAdaptor.java:136)
	at org.jboss.arquillian.testng.Arquillian.run(Arquillian.java:164)
	at sun.reflect.NativeMethodAccessorImpl.invoke0(Native Method)
	at sun.reflect.NativeMethodAccessorImpl.invoke(Unknown Source)
	at sun.reflect.DelegatingMethodAccessorImpl.invoke(Unknown Source)
	at java.lang.reflect.Method.invoke(Unknown Source)
	at org.testng.internal.MethodInvocationHelper.invokeHookable(MethodInvocationHelper.java:194)
	at org.testng.internal.Invoker.invokeMethod(Invoker.java:707)
	at org.testng.internal.Invoker.invokeTestMethod(Invoker.java:901)
	at org.testng.internal.Invoker.invokeTestMethods(Invoker.java:1231)
	at org.testng.internal.TestMethodWorker.invokeTestMethods(TestMethodWorker.java:127)
	at org.testng.internal.TestMethodWorker.run(TestMethodWorker.java:111)
	at org.testng.TestRunner.privateRun(TestRunner.java:767)
	at org.testng.TestRunner.run(TestRunner.java:617)
	at org.testng.SuiteRunner.runTest(SuiteRunner.java:334)
	at org.testng.SuiteRunner.runSequentially(SuiteRunner.java:329)
	at org.testng.SuiteRunner.privateRun(SuiteRunner.java:291)
	at org.testng.SuiteRunner.run(SuiteRunner.java:240)
	at org.testng.SuiteRunnerWorker.runSuite(SuiteRunnerWorker.java:52)
	at org.testng.SuiteRunnerWorker.run(SuiteRunnerWorker.java:86)
	at org.testng.TestNG.runSuitesSequentially(TestNG.java:1198)
	at org.testng.TestNG.runSuitesLocally(TestNG.java:1123)
	at org.testng.TestNG.run(TestNG.java:1031)
	at org.testng.remote.AbstractRemoteTestNG.run(AbstractRemoteTestNG.java:114)
	at org.testng.remote.RemoteTestNG.initAndRun(RemoteTestNG.java:251)
	at org.testng.remote.RemoteTestNG.main(RemoteTestNG.java:77)
Caused by: java.lang.RuntimeException: Unable to instantiate Drone via org.openqa.selenium.firefox.FirefoxDriver(Capabilities): org.openqa.selenium.WebDriverException: Failed to connect to binary FirefoxBinary(C:\Program Files\Mozilla Firefox\firefox.exe) on port 7055; process output follows: 
nnamed-provider&gt;
1506752885595	addons.manager	DEBUG	Registering shutdown blocker for &lt;unnamed-provider&gt;
1506752885595	addons.manager	DEBUG	Provider finished startup: &lt;unnamed-provider&gt;
1506752885597	addons.xpi	INFO	Mapping fxdriver@googlecode.com to C:\Users\Karthic\AppData\Local\Temp\anonymous3321640030254737889webdriver-profile\extensions\fxdriver@googlecode.com
1506752885597	addons.xpi	DEBUG	Ignoring file entry whose name is not a valid add-on ID: C:\Users\Karthic\AppData\Local\Temp\anonymous3321640030254737889webdriver-profile\extensions\webdriver-staging
1506752885598	addons.xpi	DEBUG	Existing add-on fxdriver@googlecode.com in app-profile
1506752885598	addons.xpi	INFO	Mapping activity-stream@mozilla.org to C:\Program Files\Mozilla Firefox\browser\features\activity-stream@mozilla.org.xpi
1506752885598	addons.xpi	INFO	Mapping aushelper@mozilla.org to C:\Program Files\Mozilla Firefox\browser\features\aushelper@mozilla.org.xpi
1506752885599	addons.xpi	INFO	Mapping clicktoplay-rollout@mozilla.org to C:\Program Files\Mozilla Firefox\browser\features\clicktoplay-rollout@mozilla.org.xpi
1506752885599	addons.xpi	INFO	Mapping e10srollout@mozilla.org to C:\Program Files\Mozilla Firefox\browser\features\e10srollout@mozilla.org.xpi
1506752885599	addons.xpi	INFO	Mapping firefox@getpocket.com to C:\Program Files\Mozilla Firefox\browser\features\firefox@getpocket.com.xpi
1506752885599	addons.xpi	INFO	Mapping followonsearch@mozilla.com to C:\Program Files\Mozilla Firefox\browser\features\followonsearch@mozilla.com.xpi
1506752885599	addons.xpi	INFO	Mapping formautofill@mozilla.org to C:\Program Files\Mozilla Firefox\browser\features\formautofill@mozilla.org.xpi
1506752885599	addons.xpi	INFO	Mapping onboarding@mozilla.org to C:\Program Files\Mozilla Firefox\browser\features\onboarding@mozilla.org.xpi
1506752885599	addons.xpi	INFO	Mapping screenshots@mozilla.org to C:\Program Files\Mozilla Firefox\browser\features\screenshots@mozilla.org.xpi
1506752885599	addons.xpi	INFO	Mapping shield-recipe-client@mozilla.org to C:\Program Files\Mozilla Firefox\browser\features\shield-recipe-client@mozilla.org.xpi
1506752885600	addons.xpi	INFO	Mapping webcompat@mozilla.org to C:\Program Files\Mozilla Firefox\browser\features\webcompat@mozilla.org.xpi
1506752885600	addons.xpi	DEBUG	Existing add-on activity-stream@mozilla.org in app-system-defaults
1506752885600	addons.xpi	DEBUG	Existing add-on aushelper@mozilla.org in app-system-defaults
1506752885601	addons.xpi	DEBUG	Existing add-on clicktoplay-rollout@mozilla.org in app-system-defaults
1506752885601	addons.xpi	DEBUG	Existing add-on e10srollout@mozilla.org in app-system-defaults
1506752885601	addons.xpi	DEBUG	Existing add-on firefox@getpocket.com in app-system-defaults
1506752885601	addons.xpi	DEBUG	Existing add-on followonsearch@mozilla.com in app-system-defaults
1506752885602	addons.xpi	DEBUG	Existing add-on formautofill@mozilla.org in app-system-defaults
1506752885602	addons.xpi	DEBUG	Existing add-on onboarding@mozilla.org in app-system-defaults
1506752885602	addons.xpi	DEBUG	Existing add-on screenshots@mozilla.org in app-system-defaults
1506752885603	addons.xpi	DEBUG	Existing add-on shield-recipe-client@mozilla.org in app-system-defaults
1506752885603	addons.xpi	DEBUG	Existing add-on webcompat@mozilla.org in app-system-defaults
1506752885603	addons.xpi	INFO	Mapping {972ce4c6-7e08-4474-a285-3208198ce6fd} to C:\Program Files\Mozilla Firefox\browser\extensions\{972ce4c6-7e08-4474-a285-3208198ce6fd}.xpi
1506752885604	addons.xpi	DEBUG	Existing add-on {972ce4c6-7e08-4474-a285-3208198ce6fd} in app-global
1506752885604	addons.xpi	DEBUG	getInstallState changed: false, state: {}
1506752886828	addons.productaddons	INFO	Completed downloading document
1506752888190	DeferredSave.webext.sc.lz4	DEBUG	Starting write
1506752888207	DeferredSave.webext.sc.lz4	DEBUG	Write succeeded
1506752908692	addons.productaddons	INFO	downloadXHR File download. status=200
1506752908703	addons.productaddons	INFO	Downloaded file will be saved to C:\Users\Karthic\AppData\Local\Temp\tmpaddon-3b0818

Build info: version: &apos;2.53.0&apos;, revision: &apos;35ae25b1534ae328c771e0856c93e187490ca824&apos;, time: &apos;2016-03-15 10:43:46&apos;
System info: host: &apos;KarthicKomp&apos;, ip: &apos;192.168.56.1&apos;, os.name: &apos;Windows 8.1&apos;, os.arch: &apos;amd64&apos;, os.version: &apos;6.3&apos;, java.version: &apos;1.8.0_144&apos;
Driver info: driver.version: FirefoxDriver
	at org.jboss.arquillian.drone.webdriver.factory.SecurityActions.newInstance(SecurityActions.java:164)
	at org.jboss.arquillian.drone.webdriver.factory.FirefoxDriverFactory.createInstance(FirefoxDriverFactory.java:133)
	at org.jboss.arquillian.drone.webdriver.factory.FirefoxDriverFactory.createInstance(FirefoxDriverFactory.java:41)
	at org.jboss.arquillian.drone.webdriver.factory.WebDriverFactory.createInstance(WebDriverFactory.java:130)
	at org.jboss.arquillian.drone.webdriver.factory.WebDriverFactory.createInstance(WebDriverFactory.java:41)
	at org.jboss.arquillian.drone.impl.DroneConfigurator$1.createInstance(DroneConfigurator.java:114)
	at org.jboss.arquillian.drone.impl.CachingCallableImpl.call(CachingCallableImpl.java:45)
	at org.jboss.arquillian.core.impl.threading.ThreadedExecutorService$ContextualCallable.call(ThreadedExecutorService.java:73)
	at java.util.concurrent.FutureTask.run(Unknown Source)
	at java.util.concurrent.ThreadPoolExecutor.runWorker(Unknown Source)
	at java.util.concurrent.ThreadPoolExecutor$Worker.run(Unknown Source)
	at java.lang.Thread.run(Unknown Source)
Caused by: org.openqa.selenium.WebDriverException: Failed to connect to binary FirefoxBinary(C:\Program Files\Mozilla Firefox\firefox.exe) on port 7055; process output follows: 
nnamed-provider&gt;
1506752885595	addons.manager	DEBUG	Registering shutdown blocker for &lt;unnamed-provider&gt;
1506752885595	addons.manager	DEBUG	Provider finished startup: &lt;unnamed-provider&gt;
1506752885597	addons.xpi	INFO	Mapping fxdriver@googlecode.com to C:\Users\Karthic\AppData\Local\Temp\anonymous3321640030254737889webdriver-profile\extensions\fxdriver@googlecode.com
1506752885597	addons.xpi	DEBUG	Ignoring file entry whose name is not a valid add-on ID: C:\Users\Karthic\AppData\Local\Temp\anonymous3321640030254737889webdriver-profile\extensions\webdriver-staging
1506752885598	addons.xpi	DEBUG	Existing add-on fxdriver@googlecode.com in app-profile
1506752885598	addons.xpi	INFO	Mapping activity-stream@mozilla.org to C:\Program Files\Mozilla Firefox\browser\features\activity-stream@mozilla.org.xpi
1506752885598	addons.xpi	INFO	Mapping aushelper@mozilla.org to C:\Program Files\Mozilla Firefox\browser\features\aushelper@mozilla.org.xpi
1506752885599	addons.xpi	INFO	Mapping clicktoplay-rollout@mozilla.org to C:\Program Files\Mozilla Firefox\browser\features\clicktoplay-rollout@mozilla.org.xpi
1506752885599	addons.xpi	INFO	Mapping e10srollout@mozilla.org to C:\Program Files\Mozilla Firefox\browser\features\e10srollout@mozilla.org.xpi
1506752885599	addons.xpi	INFO	Mapping firefox@getpocket.com to C:\Program Files\Mozilla Firefox\browser\features\firefox@getpocket.com.xpi
1506752885599	addons.xpi	INFO	Mapping followonsearch@mozilla.com to C:\Program Files\Mozilla Firefox\browser\features\followonsearch@mozilla.com.xpi
1506752885599	addons.xpi	INFO	Mapping formautofill@mozilla.org to C:\Program Files\Mozilla Firefox\browser\features\formautofill@mozilla.org.xpi
1506752885599	addons.xpi	INFO	Mapping onboarding@mozilla.org to C:\Program Files\Mozilla Firefox\browser\features\onboarding@mozilla.org.xpi
1506752885599	addons.xpi	INFO	Mapping screenshots@mozilla.org to C:\Program Files\Mozilla Firefox\browser\features\screenshots@mozilla.org.xpi
1506752885599	addons.xpi	INFO	Mapping shield-recipe-client@mozilla.org to C:\Program Files\Mozilla Firefox\browser\features\shield-recipe-client@mozilla.org.xpi
1506752885600	addons.xpi	INFO	Mapping webcompat@mozilla.org to C:\Program Files\Mozilla Firefox\browser\features\webcompat@mozilla.org.xpi
1506752885600	addons.xpi	DEBUG	Existing add-on activity-stream@mozilla.org in app-system-defaults
1506752885600	addons.xpi	DEBUG	Existing add-on aushelper@mozilla.org in app-system-defaults
1506752885601	addons.xpi	DEBUG	Existing add-on clicktoplay-rollout@mozilla.org in app-system-defaults
1506752885601	addons.xpi	DEBUG	Existing add-on e10srollout@mozilla.org in app-system-defaults
1506752885601	addons.xpi	DEBUG	Existing add-on firefox@getpocket.com in app-system-defaults
1506752885601	addons.xpi	DEBUG	Existing add-on followonsearch@mozilla.com in app-system-defaults
1506752885602	addons.xpi	DEBUG	Existing add-on formautofill@mozilla.org in app-system-defaults
1506752885602	addons.xpi	DEBUG	Existing add-on onboarding@mozilla.org in app-system-defaults
1506752885602	addons.xpi	DEBUG	Existing add-on screenshots@mozilla.org in app-system-defaults
1506752885603	addons.xpi	DEBUG	Existing add-on shield-recipe-client@mozilla.org in app-system-defaults
1506752885603	addons.xpi	DEBUG	Existing add-on webcompat@mozilla.org in app-system-defaults
1506752885603	addons.xpi	INFO	Mapping {972ce4c6-7e08-4474-a285-3208198ce6fd} to C:\Program Files\Mozilla Firefox\browser\extensions\{972ce4c6-7e08-4474-a285-3208198ce6fd}.xpi
1506752885604	addons.xpi	DEBUG	Existing add-on {972ce4c6-7e08-4474-a285-3208198ce6fd} in app-global
1506752885604	addons.xpi	DEBUG	getInstallState changed: false, state: {}
1506752886828	addons.productaddons	INFO	Completed downloading document
1506752888190	DeferredSave.webext.sc.lz4	DEBUG	Starting write
1506752888207	DeferredSave.webext.sc.lz4	DEBUG	Write succeeded
1506752908692	addons.productaddons	INFO	downloadXHR File download. status=200
1506752908703	addons.productaddons	INFO	Downloaded file will be saved to C:\Users\Karthic\AppData\Local\Temp\tmpaddon-3b0818

Build info: version: &apos;2.53.0&apos;, revision: &apos;35ae25b1534ae328c771e0856c93e187490ca824&apos;, time: &apos;2016-03-15 10:43:46&apos;
System info: host: &apos;KarthicKomp&apos;, ip: &apos;192.168.56.1&apos;, os.name: &apos;Windows 8.1&apos;, os.arch: &apos;amd64&apos;, os.version: &apos;6.3&apos;, java.version: &apos;1.8.0_144&apos;
Driver info: driver.version: FirefoxDriver
	at org.openqa.selenium.firefox.internal.NewProfileExtensionConnection.start(NewProfileExtensionConnection.java:125)
	at org.openqa.selenium.firefox.FirefoxDriver.startClient(FirefoxDriver.java:271)
	at org.openqa.selenium.remote.RemoteWebDriver.&lt;init&gt;(RemoteWebDriver.java:119)
	at org.openqa.selenium.firefox.FirefoxDriver.&lt;init&gt;(FirefoxDriver.java:216)
	at org.openqa.selenium.firefox.FirefoxDriver.&lt;init&gt;(FirefoxDriver.java:211)
	at org.openqa.selenium.firefox.FirefoxDriver.&lt;init&gt;(FirefoxDriver.java:128)
	at sun.reflect.NativeConstructorAccessorImpl.newInstance0(Native Method)
	at sun.reflect.NativeConstructorAccessorImpl.newInstance(Unknown Source)
	at sun.reflect.DelegatingConstructorAccessorImpl.newInstance(Unknown Source)
	at java.lang.reflect.Constructor.newInstance(Unknown Source)
	at org.jboss.arquillian.drone.webdriver.factory.SecurityActions.newInstance(SecurityActions.java:142)
	... 11 more
Caused by: org.openqa.selenium.firefox.NotConnectedException: Unable to connect to host 127.0.0.1 on port 7055 after 45000 ms. Firefox console output:
nnamed-provider&gt;
1506752885595	addons.manager	DEBUG	Registering shutdown blocker for &lt;unnamed-provider&gt;
1506752885595	addons.manager	DEBUG	Provider finished startup: &lt;unnamed-provider&gt;
1506752885597	addons.xpi	INFO	Mapping fxdriver@googlecode.com to C:\Users\Karthic\AppData\Local\Temp\anonymous3321640030254737889webdriver-profile\extensions\fxdriver@googlecode.com
1506752885597	addons.xpi	DEBUG	Ignoring file entry whose name is not a valid add-on ID: C:\Users\Karthic\AppData\Local\Temp\anonymous3321640030254737889webdriver-profile\extensions\webdriver-staging
1506752885598	addons.xpi	DEBUG	Existing add-on fxdriver@googlecode.com in app-profile
1506752885598	addons.xpi	INFO	Mapping activity-stream@mozilla.org to C:\Program Files\Mozilla Firefox\browser\features\activity-stream@mozilla.org.xpi
1506752885598	addons.xpi	INFO	Mapping aushelper@mozilla.org to C:\Program Files\Mozilla Firefox\browser\features\aushelper@mozilla.org.xpi
1506752885599	addons.xpi	INFO	Mapping clicktoplay-rollout@mozilla.org to C:\Program Files\Mozilla Firefox\browser\features\clicktoplay-rollout@mozilla.org.xpi
1506752885599	addons.xpi	INFO	Mapping e10srollout@mozilla.org to C:\Program Files\Mozilla Firefox\browser\features\e10srollout@mozilla.org.xpi
1506752885599	addons.xpi	INFO	Mapping firefox@getpocket.com to C:\Program Files\Mozilla Firefox\browser\features\firefox@getpocket.com.xpi
1506752885599	addons.xpi	INFO	Mapping followonsearch@mozilla.com to C:\Program Files\Mozilla Firefox\browser\features\followonsearch@mozilla.com.xpi
1506752885599	addons.xpi	INFO	Mapping formautofill@mozilla.org to C:\Program Files\Mozilla Firefox\browser\features\formautofill@mozilla.org.xpi
1506752885599	addons.xpi	INFO	Mapping onboarding@mozilla.org to C:\Program Files\Mozilla Firefox\browser\features\onboarding@mozilla.org.xpi
1506752885599	addons.xpi	INFO	Mapping screenshots@mozilla.org to C:\Program Files\Mozilla Firefox\browser\features\screenshots@mozilla.org.xpi
1506752885599	addons.xpi	INFO	Mapping shield-recipe-client@mozilla.org to C:\Program Files\Mozilla Firefox\browser\features\shield-recipe-client@mozilla.org.xpi
1506752885600	addons.xpi	INFO	Mapping webcompat@mozilla.org to C:\Program Files\Mozilla Firefox\browser\features\webcompat@mozilla.org.xpi
1506752885600	addons.xpi	DEBUG	Existing add-on activity-stream@mozilla.org in app-system-defaults
1506752885600	addons.xpi	DEBUG	Existing add-on aushelper@mozilla.org in app-system-defaults
1506752885601	addons.xpi	DEBUG	Existing add-on clicktoplay-rollout@mozilla.org in app-system-defaults
1506752885601	addons.xpi	DEBUG	Existing add-on e10srollout@mozilla.org in app-system-defaults
1506752885601	addons.xpi	DEBUG	Existing add-on firefox@getpocket.com in app-system-defaults
1506752885601	addons.xpi	DEBUG	Existing add-on followonsearch@mozilla.com in app-system-defaults
1506752885602	addons.xpi	DEBUG	Existing add-on formautofill@mozilla.org in app-system-defaults
1506752885602	addons.xpi	DEBUG	Existing add-on onboarding@mozilla.org in app-system-defaults
1506752885602	addons.xpi	DEBUG	Existing add-on screenshots@mozilla.org in app-system-defaults
1506752885603	addons.xpi	DEBUG	Existing add-on shield-recipe-client@mozilla.org in app-system-defaults
1506752885603	addons.xpi	DEBUG	Existing add-on webcompat@mozilla.org in app-system-defaults
1506752885603	addons.xpi	INFO	Mapping {972ce4c6-7e08-4474-a285-3208198ce6fd} to C:\Program Files\Mozilla Firefox\browser\extensions\{972ce4c6-7e08-4474-a285-3208198ce6fd}.xpi
1506752885604	addons.xpi	DEBUG	Existing add-on {972ce4c6-7e08-4474-a285-3208198ce6fd} in app-global
1506752885604	addons.xpi	DEBUG	getInstallState changed: false, state: {}
1506752886828	addons.productaddons	INFO	Completed downloading document
1506752888190	DeferredSave.webext.sc.lz4	DEBUG	Starting write
1506752888207	DeferredSave.webext.sc.lz4	DEBUG	Write succeeded
1506752908692	addons.productaddons	INFO	downloadXHR File download. status=200
1506752908703	addons.productaddons	INFO	Downloaded file will be saved to C:\Users\Karthic\AppData\Local\Temp\tmpaddon-3b0818

	at org.openqa.selenium.firefox.internal.NewProfileExtensionConnection.start(NewProfileExtensionConnection.java:113)
	... 21 more
"</b><br>org.jboss.arquillian.graphene.location.LocationEnricher.goTo(LocationEnricher.java:94)<br>org.jboss.arquillian.graphene.location.LocationEnricher.resolve(LocationEnricher.java:81)<br>org.jboss.arquillian.testng.standalone.LocalTestMethodExecutor.enrichArguments(LocalTestMethodExecutor.java:87)<br>org.jboss.arquillian.testng.standalone.LocalTestMethodExecutor.execute(LocalTestMethodExecutor.java:54)<br>sun.reflect.NativeMethodAccessorImpl.invoke0(Native Method)<br>sun.reflect.NativeMethodAccessorImpl.invoke(Unknown Source)<br>sun.reflect.DelegatingMethodAccessorImpl.invoke(Unknown Source)<br>java.lang.reflect.Method.invoke(Unknown Source)<br>org.jboss.arquillian.core.impl.ObserverImpl.invoke(ObserverImpl.java:94)<br>org.jboss.arquillian.core.impl.EventContextImpl.invokeObservers(EventContextImpl.java:99)<br>org.jboss.arquillian.core.impl.EventContextImpl.proceed(EventContextImpl.java:81)<br>org.jboss.arquillian.test.impl.TestContextHandler.createClassContext(TestContextHandler.java:92)<br>sun.reflect.NativeMethodAccessorImpl.invoke0(Native Method)<br>sun.reflect.NativeMethodAccessorImpl.invoke(Unknown Source)<br>sun.reflect.DelegatingMethodAccessorImpl.invoke(Unknown Source)<br>java.lang.reflect.Method.invoke(Unknown Source)<br>org.jboss.arquillian.core.impl.ObserverImpl.invoke(ObserverImpl.java:94)<br>org.jboss.arquillian.core.impl.EventContextImpl.proceed(EventContextImpl.java:88)<br>org.jboss.arquillian.test.impl.TestContextHandler.createSuiteContext(TestContextHandler.java:73)<br>sun.reflect.NativeMethodAccessorImpl.invoke0(Native Method)<br>sun.reflect.NativeMethodAccessorImpl.invoke(Unknown Source)<br>sun.reflect.DelegatingMethodAccessorImpl.invoke(Unknown Source)<br>java.lang.reflect.Method.invoke(Unknown Source)<br>org.jboss.arquillian.core.impl.ObserverImpl.invoke(ObserverImpl.java:94)<br>org.jboss.arquillian.core.impl.EventContextImpl.proceed(EventContextImpl.java:88)<br>org.jboss.arquillian.test.impl.TestContextHandler.createTestContext(TestContextHandler.java:130)<br>sun.reflect.NativeMethodAccessorImpl.invoke0(Native Method)<br>sun.reflect.NativeMethodAccessorImpl.invoke(Unknown Source)<br>sun.reflect.DelegatingMethodAccessorImpl.invoke(Unknown Source)<br>java.lang.reflect.Method.invoke(Unknown Source)<br>org.jboss.arquillian.core.impl.ObserverImpl.invoke(ObserverImpl.java:94)<br>org.jboss.arquillian.core.impl.EventContextImpl.proceed(EventContextImpl.java:88)<br>org.jboss.arquillian.core.impl.ManagerImpl.fire(ManagerImpl.java:145)<br>org.jboss.arquillian.test.impl.EventTestRunnerAdaptor.test(EventTestRunnerAdaptor.java:136)<br>org.jboss.arquillian.testng.Arquillian.run(Arquillian.java:164)<br>sun.reflect.NativeMethodAccessorImpl.invoke0(Native Method)<br>sun.reflect.NativeMethodAccessorImpl.invoke(Unknown Source)<br>sun.reflect.DelegatingMethodAccessorImpl.invoke(Unknown Source)<br>java.lang.reflect.Method.invoke(Unknown Source)<br>org.testng.internal.MethodInvocationHelper.invokeHookable(MethodInvocationHelper.java:194)<br>org.testng.internal.Invoker.invokeMethod(Invoker.java:707)<br>org.testng.internal.Invoker.invokeTestMethod(Invoker.java:901)<br>org.testng.internal.Invoker.invokeTestMethods(Invoker.java:1231)<br>org.testng.internal.TestMethodWorker.invokeTestMethods(TestMethodWorker.java:127)<br>org.testng.internal.TestMethodWorker.run(TestMethodWorker.java:111)<br>org.testng.TestRunner.privateRun(TestRunner.java:767)<br>org.testng.TestRunner.run(TestRunner.java:617)<br>org.testng.SuiteRunner.runTest(SuiteRunner.java:334)<br>org.testng.SuiteRunner.runSequentially(SuiteRunner.java:329)<br>org.testng.SuiteRunner.privateRun(SuiteRunner.java:291)<br>org.testng.SuiteRunner.run(SuiteRunner.java:240)<br>org.testng.SuiteRunnerWorker.runSuite(SuiteRunnerWorker.java:52)<br>org.testng.SuiteRunnerWorker.run(SuiteRunnerWorker.java:86)<br>org.testng.TestNG.runSuitesSequentially(TestNG.java:1198)<br>org.testng.TestNG.runSuitesLocally(TestNG.java:1123)<br>org.testng.TestNG.run(TestNG.java:1031)<br>org.testng.remote.AbstractRemoteTestNG.run(AbstractRemoteTestNG.java:114)<br>org.testng.remote.RemoteTestNG.initAndRun(RemoteTestNG.java:251)<br>org.testng.remote.RemoteTestNG.main(RemoteTestNG.java:77)<br>
</div> <!-- stack-trace -->
                </div> <!-- method-content -->
              </div> <!-- method -->
            </div> <!-- main-panel-content rounded-window-bottom -->
          </div> <!-- suite-Default_suite-class-failed -->
        </div> <!-- panel Default_suite -->
        <div panel-name="test-xml-Default_suite" class="panel">
          <div class="main-panel-header rounded-window-top">
            <span class="header-content">C:\Users\Karthic\AppData\Local\Temp\testng-eclipse-659573388\testng-customsuite.xml</span>
          </div> <!-- main-panel-header rounded-window-top -->
          <div class="main-panel-content rounded-window-bottom">
            <pre>
&lt;?xml version=&quot;1.0&quot; encoding=&quot;UTF-8&quot;?&gt;
&lt;!DOCTYPE suite SYSTEM &quot;http://testng.org/testng-1.0.dtd&quot;&gt;
&lt;suite name=&quot;Default suite&quot;&gt;
  &lt;test verbose=&quot;2&quot; name=&quot;Default test&quot;&gt;
    &lt;classes&gt;
      &lt;class name=&quot;tests.Test1&quot;/&gt;
    &lt;/classes&gt;
  &lt;/test&gt; &lt;!-- Default test --&gt;
&lt;/suite&gt; &lt;!-- Default suite --&gt;
            </pre>
          </div> <!-- main-panel-content rounded-window-bottom -->
        </div> <!-- panel -->
        <div panel-name="testlist-Default_suite" class="panel">
          <div class="main-panel-header rounded-window-top">
            <span class="header-content">Tests for Default suite</span>
          </div> <!-- main-panel-header rounded-window-top -->
          <div class="main-panel-content rounded-window-bottom">
            <ul>
              <li>
                <span class="test-name">Default test (1 class)</span>
              </li>
            </ul>
          </div> <!-- main-panel-content rounded-window-bottom -->
        </div> <!-- panel -->
        <div panel-name="group-Default_suite" class="panel">
          <div class="main-panel-header rounded-window-top">
            <span class="header-content">Groups for Default suite</span>
          </div> <!-- main-panel-header rounded-window-top -->
          <div class="main-panel-content rounded-window-bottom">
          </div> <!-- main-panel-content rounded-window-bottom -->
        </div> <!-- panel -->
        <div panel-name="times-Default_suite" class="panel">
          <div class="main-panel-header rounded-window-top">
            <span class="header-content">Times for Default suite</span>
          </div> <!-- main-panel-header rounded-window-top -->
          <div class="main-panel-content rounded-window-bottom">
            <div class="times-div">
              <script type="text/javascript">
suiteTableInitFunctions.push('tableData_Default_suite');
function tableData_Default_suite() {
var data = new google.visualization.DataTable();
data.addColumn('number', 'Number');
data.addColumn('string', 'Method');
data.addColumn('string', 'Class');
data.addColumn('number', 'Time (ms)');
data.addRows(1);
data.setCell(0, 0, 0)
data.setCell(0, 1, 'googleSearchTest')
data.setCell(0, 2, 'tests.Test1')
data.setCell(0, 3, 52139);
window.suiteTableData['Default_suite']= { tableData: data, tableDiv: 'times-div-Default_suite'}
return data;
}
              </script>
              <span class="suite-total-time">Total running time: 52 seconds</span>
              <div id="times-div-Default_suite">
              </div> <!-- times-div-Default_suite -->
            </div> <!-- times-div -->
          </div> <!-- main-panel-content rounded-window-bottom -->
        </div> <!-- panel -->
        <div panel-name="reporter-Default_suite" class="panel">
          <div class="main-panel-header rounded-window-top">
            <span class="header-content">Reporter output for Default suite</span>
          </div> <!-- main-panel-header rounded-window-top -->
          <div class="main-panel-content rounded-window-bottom">
          </div> <!-- main-panel-content rounded-window-bottom -->
        </div> <!-- panel -->
        <div panel-name="ignored-methods-Default_suite" class="panel">
          <div class="main-panel-header rounded-window-top">
            <span class="header-content">0 ignored methods</span>
          </div> <!-- main-panel-header rounded-window-top -->
          <div class="main-panel-content rounded-window-bottom">
          </div> <!-- main-panel-content rounded-window-bottom -->
        </div> <!-- panel -->
        <div panel-name="chronological-Default_suite" class="panel">
          <div class="main-panel-header rounded-window-top">
            <span class="header-content">Methods in chronological order</span>
          </div> <!-- main-panel-header rounded-window-top -->
          <div class="main-panel-content rounded-window-bottom">
            <div class="chronological-class">
              <div class="chronological-class-name">tests.Test1</div> <!-- chronological-class-name -->
              <div class="configuration-suite before">
                <span class="method-name">arquillianBeforeSuite</span>
                <span class="method-start">0 ms</span>
              </div> <!-- configuration-suite before -->
              <div class="configuration-class before">
                <span class="method-name">arquillianBeforeClass</span>
                <span class="method-start">489 ms</span>
              </div> <!-- configuration-class before -->
              <div class="configuration-method before">
                <span class="method-name">arquillianBeforeTest(public void tests.Test1.googleSearchTest(pageobjects.Google))</span>
                <span class="method-start">500 ms</span>
              </div> <!-- configuration-method before -->
              <div class="test-method">
                <img src="failed.png">
                </img>
                <span class="method-name">googleSearchTest(null)</span>
                <span class="method-start">522 ms</span>
              </div> <!-- test-method -->
              <div class="configuration-method after">
                <span class="method-name">arquillianAfterTest(public void tests.Test1.googleSearchTest(pageobjects.Google))</span>
                <span class="method-start">52673 ms</span>
              </div> <!-- configuration-method after -->
              <div class="configuration-class after">
                <span class="method-name">arquillianAfterClass</span>
                <span class="method-start">52678 ms</span>
              </div> <!-- configuration-class after -->
              <div class="configuration-suite after">
                <span class="method-name">arquillianAfterSuite</span>
                <span class="method-start">52850 ms</span>
              </div> <!-- configuration-suite after -->
          </div> <!-- main-panel-content rounded-window-bottom -->
        </div> <!-- panel -->
      </div> <!-- main-panel-root -->
    </div> <!-- wrapper -->
  </body>
</html>
